0 info it worked if it ends with ok
1 verbose cli [ 'C:\\Program Files\\nodejs\\\\node.exe',
1 verbose cli   'C:\\Program Files\\nodejs\\node_modules\\npm\\bin\\npm-cli.js',
1 verbose cli   'install' ]
2 info using npm@1.4.3
3 info using node@v0.10.26
4 verbose node symlink C:\Program Files\nodejs\\node.exe
5 warn package.json draggable@0.0.0 No description
6 warn package.json draggable@0.0.0 No repository field.
7 warn package.json draggable@0.0.0 No README data
8 verbose readDependencies using package.json deps
9 verbose install where, deps [ 'C:\\Users\\Sanket\\git\\Angular-UI-Directives\\Angular UI Directives',
9 verbose install   [ 'grunt',
9 verbose install     'grunt-contrib-copy',
9 verbose install     'grunt-contrib-concat',
9 verbose install     'grunt-contrib-coffee',
9 verbose install     'grunt-contrib-uglify',
9 verbose install     'grunt-contrib-compass',
9 verbose install     'grunt-contrib-jshint',
9 verbose install     'grunt-contrib-cssmin',
9 verbose install     'grunt-contrib-connect',
9 verbose install     'grunt-contrib-clean',
9 verbose install     'grunt-contrib-htmlmin',
9 verbose install     'grunt-contrib-imagemin',
9 verbose install     'grunt-contrib-watch',
9 verbose install     'grunt-usemin',
9 verbose install     'grunt-svgmin',
9 verbose install     'grunt-rev',
9 verbose install     'grunt-karma',
9 verbose install     'grunt-open',
9 verbose install     'grunt-concurrent',
9 verbose install     'matchdep',
9 verbose install     'connect-livereload',
9 verbose install     'grunt-google-cdn',
9 verbose install     'grunt-ngmin',
9 verbose install     'karma',
9 verbose install     'karma-jasmine',
9 verbose install     'karma-chrome-launcher' ] ]
10 info preinstall draggable@0.0.0
11 verbose readDependencies using package.json deps
12 verbose already installed skipping grunt@~0.4.1 C:\Users\Sanket\git\Angular-UI-Directives\Angular UI Directives
13 verbose already installed skipping grunt-contrib-copy@~0.4.1 C:\Users\Sanket\git\Angular-UI-Directives\Angular UI Directives
14 verbose already installed skipping grunt-contrib-concat@~0.3.0 C:\Users\Sanket\git\Angular-UI-Directives\Angular UI Directives
15 verbose already installed skipping grunt-contrib-coffee@~0.7.0 C:\Users\Sanket\git\Angular-UI-Directives\Angular UI Directives
16 verbose already installed skipping grunt-contrib-uglify@~0.2.0 C:\Users\Sanket\git\Angular-UI-Directives\Angular UI Directives
17 verbose already installed skipping grunt-contrib-compass@~0.3.0 C:\Users\Sanket\git\Angular-UI-Directives\Angular UI Directives
18 verbose already installed skipping grunt-contrib-jshint@~0.6.0 C:\Users\Sanket\git\Angular-UI-Directives\Angular UI Directives
19 verbose already installed skipping grunt-contrib-cssmin@~0.6.0 C:\Users\Sanket\git\Angular-UI-Directives\Angular UI Directives
20 verbose already installed skipping grunt-contrib-connect@~0.3.0 C:\Users\Sanket\git\Angular-UI-Directives\Angular UI Directives
21 verbose already installed skipping grunt-contrib-clean@~0.4.1 C:\Users\Sanket\git\Angular-UI-Directives\Angular UI Directives
22 verbose already installed skipping grunt-contrib-htmlmin@~0.1.3 C:\Users\Sanket\git\Angular-UI-Directives\Angular UI Directives
23 verbose already installed skipping grunt-open@~0.2.0 C:\Users\Sanket\git\Angular-UI-Directives\Angular UI Directives
24 verbose already installed skipping grunt-contrib-imagemin@~0.1.4 C:\Users\Sanket\git\Angular-UI-Directives\Angular UI Directives
25 verbose already installed skipping grunt-concurrent@~0.3.0 C:\Users\Sanket\git\Angular-UI-Directives\Angular UI Directives
26 verbose already installed skipping grunt-contrib-watch@~0.4.0 C:\Users\Sanket\git\Angular-UI-Directives\Angular UI Directives
27 verbose already installed skipping matchdep@~0.1.2 C:\Users\Sanket\git\Angular-UI-Directives\Angular UI Directives
28 verbose already installed skipping grunt-usemin@~0.1.11 C:\Users\Sanket\git\Angular-UI-Directives\Angular UI Directives
29 verbose already installed skipping connect-livereload@~0.2.0 C:\Users\Sanket\git\Angular-UI-Directives\Angular UI Directives
30 verbose already installed skipping grunt-svgmin@~0.2.0 C:\Users\Sanket\git\Angular-UI-Directives\Angular UI Directives
31 verbose already installed skipping grunt-google-cdn@~0.2.0 C:\Users\Sanket\git\Angular-UI-Directives\Angular UI Directives
32 verbose already installed skipping grunt-rev@~0.1.0 C:\Users\Sanket\git\Angular-UI-Directives\Angular UI Directives
33 verbose already installed skipping grunt-ngmin@~0.0.2 C:\Users\Sanket\git\Angular-UI-Directives\Angular UI Directives
34 verbose already installed skipping grunt-karma@~0.4.3 C:\Users\Sanket\git\Angular-UI-Directives\Angular UI Directives
35 verbose already installed skipping karma@~0.9 C:\Users\Sanket\git\Angular-UI-Directives\Angular UI Directives
36 verbose already installed skipping karma-jasmine@~0.0.3 C:\Users\Sanket\git\Angular-UI-Directives\Angular UI Directives
37 verbose already installed skipping karma-chrome-launcher@~0.0.2 C:\Users\Sanket\git\Angular-UI-Directives\Angular UI Directives
38 silly resolved []
39 info build C:\Users\Sanket\git\Angular-UI-Directives\Angular UI Directives
40 verbose linkStuff [ false,
40 verbose linkStuff   false,
40 verbose linkStuff   false,
40 verbose linkStuff   'C:\\Users\\Sanket\\git\\Angular-UI-Directives' ]
41 info linkStuff draggable@0.0.0
42 verbose linkBins draggable@0.0.0
43 verbose linkMans draggable@0.0.0
44 verbose rebuildBundles draggable@0.0.0
45 verbose rebuildBundles [ '.bin',
45 verbose rebuildBundles   'connect-livereload',
45 verbose rebuildBundles   'grunt',
45 verbose rebuildBundles   'grunt-concurrent',
45 verbose rebuildBundles   'grunt-contrib-clean',
45 verbose rebuildBundles   'grunt-contrib-coffee',
45 verbose rebuildBundles   'grunt-contrib-compass',
45 verbose rebuildBundles   'grunt-contrib-concat',
45 verbose rebuildBundles   'grunt-contrib-connect',
45 verbose rebuildBundles   'grunt-contrib-copy',
45 verbose rebuildBundles   'grunt-contrib-cssmin',
45 verbose rebuildBundles   'grunt-contrib-htmlmin',
45 verbose rebuildBundles   'grunt-contrib-imagemin',
45 verbose rebuildBundles   'grunt-contrib-jshint',
45 verbose rebuildBundles   'grunt-contrib-uglify',
45 verbose rebuildBundles   'grunt-contrib-watch',
45 verbose rebuildBundles   'grunt-google-cdn',
45 verbose rebuildBundles   'grunt-karma',
45 verbose rebuildBundles   'grunt-ngmin',
45 verbose rebuildBundles   'grunt-open',
45 verbose rebuildBundles   'grunt-rev',
45 verbose rebuildBundles   'grunt-svgmin',
45 verbose rebuildBundles   'grunt-usemin',
45 verbose rebuildBundles   'karma',
45 verbose rebuildBundles   'karma-chrome-launcher',
45 verbose rebuildBundles   'karma-coffee-preprocessor',
45 verbose rebuildBundles   'karma-firefox-launcher',
45 verbose rebuildBundles   'karma-html2js-preprocessor',
45 verbose rebuildBundles   'karma-jasmine',
45 verbose rebuildBundles   'karma-phantomjs-launcher',
45 verbose rebuildBundles   'karma-requirejs',
45 verbose rebuildBundles   'karma-script-launcher',
45 verbose rebuildBundles   'matchdep',
45 verbose rebuildBundles   'requirejs' ]
46 verbose rebuild bundle C:\Users\Sanket\git\Angular-UI-Directives\Angular UI Directives\node_modules\karma-coffee-preprocessor
47 info build C:\Users\Sanket\git\Angular-UI-Directives\Angular UI Directives\node_modules\karma-coffee-preprocessor
48 info preinstall karma-coffee-preprocessor@0.2.1
49 verbose linkStuff [ false,
49 verbose linkStuff   false,
49 verbose linkStuff   false,
49 verbose linkStuff   'C:\\Users\\Sanket\\git\\Angular-UI-Directives\\Angular UI Directives\\node_modules' ]
50 info linkStuff karma-coffee-preprocessor@0.2.1
51 verbose linkBins karma-coffee-preprocessor@0.2.1
52 verbose linkMans karma-coffee-preprocessor@0.2.1
53 verbose rebuildBundles karma-coffee-preprocessor@0.2.1
54 verbose rebuildBundles [ '.bin', 'coffee-script' ]
55 info install karma-coffee-preprocessor@0.2.1
56 info postinstall karma-coffee-preprocessor@0.2.1
57 verbose rebuild bundle C:\Users\Sanket\git\Angular-UI-Directives\Angular UI Directives\node_modules\karma-firefox-launcher
58 info build C:\Users\Sanket\git\Angular-UI-Directives\Angular UI Directives\node_modules\karma-firefox-launcher
59 info preinstall karma-firefox-launcher@0.1.3
60 verbose linkStuff [ false,
60 verbose linkStuff   false,
60 verbose linkStuff   false,
60 verbose linkStuff   'C:\\Users\\Sanket\\git\\Angular-UI-Directives\\Angular UI Directives\\node_modules' ]
61 info linkStuff karma-firefox-launcher@0.1.3
62 verbose linkBins karma-firefox-launcher@0.1.3
63 verbose linkMans karma-firefox-launcher@0.1.3
64 verbose rebuildBundles karma-firefox-launcher@0.1.3
65 info install karma-firefox-launcher@0.1.3
66 info postinstall karma-firefox-launcher@0.1.3
67 verbose rebuild bundle C:\Users\Sanket\git\Angular-UI-Directives\Angular UI Directives\node_modules\karma-html2js-preprocessor
68 info build C:\Users\Sanket\git\Angular-UI-Directives\Angular UI Directives\node_modules\karma-html2js-preprocessor
69 info preinstall karma-html2js-preprocessor@0.1.0
70 verbose linkStuff [ false,
70 verbose linkStuff   false,
70 verbose linkStuff   false,
70 verbose linkStuff   'C:\\Users\\Sanket\\git\\Angular-UI-Directives\\Angular UI Directives\\node_modules' ]
71 info linkStuff karma-html2js-preprocessor@0.1.0
72 verbose linkBins karma-html2js-preprocessor@0.1.0
73 verbose linkMans karma-html2js-preprocessor@0.1.0
74 verbose rebuildBundles karma-html2js-preprocessor@0.1.0
75 info install karma-html2js-preprocessor@0.1.0
76 info postinstall karma-html2js-preprocessor@0.1.0
77 verbose rebuild bundle C:\Users\Sanket\git\Angular-UI-Directives\Angular UI Directives\node_modules\karma-phantomjs-launcher
78 info build C:\Users\Sanket\git\Angular-UI-Directives\Angular UI Directives\node_modules\karma-phantomjs-launcher
79 info preinstall karma-phantomjs-launcher@0.1.4
80 verbose linkStuff [ false,
80 verbose linkStuff   false,
80 verbose linkStuff   false,
80 verbose linkStuff   'C:\\Users\\Sanket\\git\\Angular-UI-Directives\\Angular UI Directives\\node_modules' ]
81 info linkStuff karma-phantomjs-launcher@0.1.4
82 verbose linkBins karma-phantomjs-launcher@0.1.4
83 verbose linkMans karma-phantomjs-launcher@0.1.4
84 verbose rebuildBundles karma-phantomjs-launcher@0.1.4
85 verbose rebuildBundles [ '.bin', 'phantomjs' ]
86 info install karma-phantomjs-launcher@0.1.4
87 info postinstall karma-phantomjs-launcher@0.1.4
88 verbose rebuild bundle C:\Users\Sanket\git\Angular-UI-Directives\Angular UI Directives\node_modules\karma-requirejs
89 info build C:\Users\Sanket\git\Angular-UI-Directives\Angular UI Directives\node_modules\karma-requirejs
90 info preinstall karma-requirejs@0.2.1
91 verbose linkStuff [ false,
91 verbose linkStuff   false,
91 verbose linkStuff   false,
91 verbose linkStuff   'C:\\Users\\Sanket\\git\\Angular-UI-Directives\\Angular UI Directives\\node_modules' ]
92 info linkStuff karma-requirejs@0.2.1
93 verbose linkBins karma-requirejs@0.2.1
94 verbose linkMans karma-requirejs@0.2.1
95 verbose rebuildBundles karma-requirejs@0.2.1
96 info install karma-requirejs@0.2.1
97 info postinstall karma-requirejs@0.2.1
98 verbose rebuild bundle C:\Users\Sanket\git\Angular-UI-Directives\Angular UI Directives\node_modules\karma-script-launcher
99 info build C:\Users\Sanket\git\Angular-UI-Directives\Angular UI Directives\node_modules\karma-script-launcher
100 info preinstall karma-script-launcher@0.1.0
101 verbose linkStuff [ false,
101 verbose linkStuff   false,
101 verbose linkStuff   false,
101 verbose linkStuff   'C:\\Users\\Sanket\\git\\Angular-UI-Directives\\Angular UI Directives\\node_modules' ]
102 info linkStuff karma-script-launcher@0.1.0
103 verbose linkBins karma-script-launcher@0.1.0
104 verbose linkMans karma-script-launcher@0.1.0
105 verbose rebuildBundles karma-script-launcher@0.1.0
106 info install karma-script-launcher@0.1.0
107 info postinstall karma-script-launcher@0.1.0
108 verbose rebuild bundle C:\Users\Sanket\git\Angular-UI-Directives\Angular UI Directives\node_modules\requirejs
109 info build C:\Users\Sanket\git\Angular-UI-Directives\Angular UI Directives\node_modules\requirejs
110 info preinstall requirejs@2.1.11
111 verbose linkStuff [ false,
111 verbose linkStuff   false,
111 verbose linkStuff   false,
111 verbose linkStuff   'C:\\Users\\Sanket\\git\\Angular-UI-Directives\\Angular UI Directives\\node_modules' ]
112 info linkStuff requirejs@2.1.11
113 verbose linkBins requirejs@2.1.11
114 verbose link bins [ { 'r.js': './bin/r.js' },
114 verbose link bins   'C:\\Users\\Sanket\\git\\Angular-UI-Directives\\Angular UI Directives\\node_modules\\.bin',
114 verbose link bins   false ]
115 verbose linkMans requirejs@2.1.11
116 verbose rebuildBundles requirejs@2.1.11
117 info install requirejs@2.1.11
118 info postinstall requirejs@2.1.11
119 info install draggable@0.0.0
120 info postinstall draggable@0.0.0
121 info prepublish draggable@0.0.0
122 error peerinvalid The package karma does not satisfy its siblings' peerDependencies requirements!
122 error peerinvalid Peer karma-jasmine@0.0.3 wants karma@~0.9
122 error peerinvalid Peer karma-chrome-launcher@0.0.2 wants karma@~0.9.3
122 error peerinvalid Peer karma-firefox-launcher@0.1.3 wants karma@>=0.9
122 error peerinvalid Peer karma-html2js-preprocessor@0.1.0 wants karma@>=0.9
122 error peerinvalid Peer karma-requirejs@0.2.1 wants karma@>=0.9
122 error peerinvalid Peer karma-script-launcher@0.1.0 wants karma@>=0.9
122 error peerinvalid Peer karma-coffee-preprocessor@0.2.1 wants karma@>=0.11.14
122 error peerinvalid Peer karma-phantomjs-launcher@0.1.4 wants karma@>=0.9
123 error System Windows_NT 6.1.7601
124 error command "C:\\Program Files\\nodejs\\\\node.exe" "C:\\Program Files\\nodejs\\node_modules\\npm\\bin\\npm-cli.js" "install"
125 error cwd C:\Users\Sanket\git\Angular-UI-Directives\Angular UI Directives
126 error node -v v0.10.26
127 error npm -v 1.4.3
128 error code EPEERINVALID
129 verbose exit [ 1, true ]
